<?xml version="1.0" encoding="UTF-8"?>
<testsuite name="profit.arcadia.calculator.CalculatorApplicationTests" tests="1" skipped="0" failures="0" errors="0" timestamp="2024-05-16T00:23:20" hostname="gachonui-MacBookPro.local" time="0.38">
  <properties/>
  <testcase name="contextLoads()" classname="profit.arcadia.calculator.CalculatorApplicationTests" time="0.38"/>
  <system-out><![CDATA[09:23:19.863 [Test worker] INFO org.springframework.test.context.support.AnnotationConfigContextLoaderUtils -- Could not detect default configuration classes for test class [profit.arcadia.calculator.CalculatorApplicationTests]: CalculatorApplicationTests does not declare any static, non-private, non-final, nested classes annotated with @Configuration.
09:23:19.901 [Test worker] INFO org.springframework.boot.test.context.SpringBootTestContextBootstrapper -- Found @SpringBootConfiguration profit.arcadia.calculator.CalculatorApplication for test class profit.arcadia.calculator.CalculatorApplicationTests

  .   ____          _            __ _ _
 /\\ / ___'_ __ _ _(_)_ __  __ _ \ \ \ \
( ( )\___ | '_ | '_| | '_ \/ _` | \ \ \ \
 \\/  ___)| |_)| | | | | || (_| |  ) ) ) )
  '  |____| .__|_| |_|_| |_\__, | / / / /
 =========|_|==============|___/=/_/_/_/
 :: Spring Boot ::                (v3.2.5)

2024-05-16T09:23:20.021+09:00  INFO 69012 --- [calculator] [    Test worker] p.a.c.CalculatorApplicationTests         : Starting CalculatorApplicationTests using Java 21.0.2 with PID 69012 (started by gachonswacademy09 in /Users/gachonswacademy09/springboot03/calculator)
2024-05-16T09:23:20.022+09:00  INFO 69012 --- [calculator] [    Test worker] p.a.c.CalculatorApplicationTests         : No active profile set, falling back to 1 default profile: "default"
2024-05-16T09:23:20.377+09:00  INFO 69012 --- [calculator] [    Test worker] p.a.c.CalculatorApplicationTests         : Started CalculatorApplicationTests in 0.43 seconds (process running for 0.825)
]]></system-out>
  <system-err><![CDATA[WARNING: A Java agent has been loaded dynamically (/Users/gachonswacademy09/.gradle/caches/modules-2/files-2.1/net.bytebuddy/byte-buddy-agent/1.14.13/979ce25f7d3096a2e82214ba7dc972a05ce7a171/byte-buddy-agent-1.14.13.jar)
WARNING: If a serviceability tool is in use, please run with -XX:+EnableDynamicAgentLoading to hide this warning
WARNING: If a serviceability tool is not in use, please run with -Djdk.instrument.traceUsage for more information
WARNING: Dynamic loading of agents will be disallowed by default in a future release
]]></system-err>
</testsuite>
