<?xml version="1.0" encoding="UTF-8"?>
<testsuite name="profit.arcadia.calculator.CalculatorTest" tests="4" skipped="0" failures="0" errors="0" timestamp="2024-05-16T00:23:20" hostname="gachonui-MacBookPro.local" time="0.003">
  <properties/>
  <testcase name="testDiv()" classname="profit.arcadia.calculator.CalculatorTest" time="0.001"/>
  <testcase name="testMul()" classname="profit.arcadia.calculator.CalculatorTest" time="0.0"/>
  <testcase name="testSub()" classname="profit.arcadia.calculator.CalculatorTest" time="0.0"/>
  <testcase name="testSum()" classname="profit.arcadia.calculator.CalculatorTest" time="0.0"/>
  <system-out><![CDATA[]]></system-out>
  <system-err><![CDATA[]]></system-err>
</testsuite>
